<?xml version="1.0" encoding="UTF-8"?>
<testng-results ignored="0" total="1" passed="1" failed="0" skipped="0">
  <reporter-output>
    <line>
      <![CDATA[Successfully Launched Chrome Browser]]>
    </line>
    <line>
      <![CDATA[Browser window is maximized successfully]]>
    </line>
  </reporter-output>
  <suite started-at="2022-12-05T15:56:56 IST" name="Default suite" finished-at="2022-12-05T15:57:22 IST" duration-ms="25985">
    <groups>
    </groups>
    <test started-at="2022-12-05T15:56:56 IST" name="Default test" finished-at="2022-12-05T15:57:22 IST" duration-ms="25985">
      <class name="testDataSample.About_click">
        <test-method is-config="true" signature="browserSetUp(java.lang.String)[pri:0, instance:testDataSample.About_click@1eb5174b]" started-at="2022-12-05T15:56:56 IST" name="browserSetUp" finished-at="2022-12-05T15:57:03 IST" duration-ms="6997" status="PASS">
          <params>
            <param index="0">
              <value>
                <![CDATA[noValue]]>
              </value>
            </param>
          </params>
          <reporter-output>
            <line>
              <![CDATA[Successfully Launched Chrome Browser]]>
            </line>
            <line>
              <![CDATA[Browser window is maximized successfully]]>
            </line>
          </reporter-output>
        </test-method> <!-- browserSetUp -->
        <test-method is-config="true" signature="loginToApplication()[pri:0, instance:testDataSample.About_click@1eb5174b]" started-at="2022-12-05T15:57:03 IST" name="loginToApplication" finished-at="2022-12-05T15:57:09 IST" duration-ms="5432" status="PASS">
          <reporter-output>
          </reporter-output>
        </test-method> <!-- loginToApplication -->
        <test-method signature="auto()[pri:0, instance:testDataSample.About_click@1eb5174b]" started-at="2022-12-05T15:57:09 IST" name="auto" finished-at="2022-12-05T15:57:21 IST" duration-ms="12101" status="PASS">
          <reporter-output>
          </reporter-output>
        </test-method> <!-- auto -->
        <test-method is-config="true" signature="logoutOfApplication()[pri:0, instance:testDataSample.About_click@1eb5174b]" started-at="2022-12-05T15:57:21 IST" name="logoutOfApplication" finished-at="2022-12-05T15:57:22 IST" duration-ms="1376" status="PASS">
          <reporter-output>
          </reporter-output>
        </test-method> <!-- logoutOfApplication -->
      </class> <!-- testDataSample.About_click -->
    </test> <!-- Default test -->
  </suite> <!-- Default suite -->
</testng-results>
